Traceback (most recent call last):
  File "/Users/ngcchk/miniconda3/lib/python3.11/site-packages/jupyter_cache/executors/utils.py", line 58, in single_nb_execution
    executenb(
  File "/Users/ngcchk/miniconda3/lib/python3.11/site-packages/nbclient/client.py", line 1305, in execute
    return NotebookClient(nb=nb, resources=resources, km=km, **kwargs).execute()
           ^^^^^^^^^^^^^^^^^^^^^^^^^^^^^^^^^^^^^^^^^^^^^^^^^^^^^^^^^^^^^^^^^^^^^
  File "/Users/ngcchk/miniconda3/lib/python3.11/site-packages/jupyter_core/utils/__init__.py", line 168, in wrapped
    return loop.run_until_complete(inner)
           ^^^^^^^^^^^^^^^^^^^^^^^^^^^^^^
  File "/Users/ngcchk/miniconda3/lib/python3.11/asyncio/base_events.py", line 653, in run_until_complete
    return future.result()
           ^^^^^^^^^^^^^^^
  File "/Users/ngcchk/miniconda3/lib/python3.11/site-packages/nbclient/client.py", line 705, in async_execute
    await self.async_execute_cell(
  File "/Users/ngcchk/miniconda3/lib/python3.11/site-packages/nbclient/client.py", line 1058, in async_execute_cell
    await self._check_raise_for_error(cell, cell_index, exec_reply)
  File "/Users/ngcchk/miniconda3/lib/python3.11/site-packages/nbclient/client.py", line 914, in _check_raise_for_error
    raise CellExecutionError.from_cell_and_msg(cell, exec_reply_content)
nbclient.exceptions.CellExecutionError: An error occurred while executing the following cell:
------------------
x = np.arange(3)
plt.plot(x, -x**2, x, -x**3, x, -2*x, x, -2**x)
plt.grid(True)
plt.savefig('img/handon-c4-test.png')
plt.show()
------------------


[0;31m---------------------------------------------------------------------------[0m
[0;31mFileNotFoundError[0m                         Traceback (most recent call last)
Cell [0;32mIn[8], line 4[0m
[1;32m      2[0m plt[38;5;241m.[39mplot(x, [38;5;241m-[39mx[38;5;241m*[39m[38;5;241m*[39m[38;5;241m2[39m, x, [38;5;241m-[39mx[38;5;241m*[39m[38;5;241m*[39m[38;5;241m3[39m, x, [38;5;241m-[39m[38;5;241m2[39m[38;5;241m*[39mx, x, [38;5;241m-[39m[38;5;241m2[39m[38;5;241m*[39m[38;5;241m*[39mx)
[1;32m      3[0m plt[38;5;241m.[39mgrid([38;5;28;01mTrue[39;00m)
[0;32m----> 4[0m [43mplt[49m[38;5;241;43m.[39;49m[43msavefig[49m[43m([49m[38;5;124;43m'[39;49m[38;5;124;43mimg/handon-c4-test.png[39;49m[38;5;124;43m'[39;49m[43m)[49m
[1;32m      5[0m plt[38;5;241m.[39mshow()

File [0;32m~/miniconda3/lib/python3.11/site-packages/matplotlib/pyplot.py:1119[0m, in [0;36msavefig[0;34m(*args, **kwargs)[0m
[1;32m   1116[0m fig [38;5;241m=[39m gcf()
[1;32m   1117[0m [38;5;66;03m# savefig default implementation has no return, so mypy is unhappy[39;00m
[1;32m   1118[0m [38;5;66;03m# presumably this is here because subclasses can return?[39;00m
[0;32m-> 1119[0m res [38;5;241m=[39m [43mfig[49m[38;5;241;43m.[39;49m[43msavefig[49m[43m([49m[38;5;241;43m*[39;49m[43margs[49m[43m,[49m[43m [49m[38;5;241;43m*[39;49m[38;5;241;43m*[39;49m[43mkwargs[49m[43m)[49m  [38;5;66;03m# type: ignore[func-returns-value][39;00m
[1;32m   1120[0m fig[38;5;241m.[39mcanvas[38;5;241m.[39mdraw_idle()  [38;5;66;03m# Need this if 'transparent=True', to reset colors.[39;00m
[1;32m   1121[0m [38;5;28;01mreturn[39;00m res

File [0;32m~/miniconda3/lib/python3.11/site-packages/matplotlib/figure.py:3390[0m, in [0;36mFigure.savefig[0;34m(self, fname, transparent, **kwargs)[0m
[1;32m   3388[0m     [38;5;28;01mfor[39;00m ax [38;5;129;01min[39;00m [38;5;28mself[39m[38;5;241m.[39maxes:
[1;32m   3389[0m         _recursively_make_axes_transparent(stack, ax)
[0;32m-> 3390[0m [38;5;28;43mself[39;49m[38;5;241;43m.[39;49m[43mcanvas[49m[38;5;241;43m.[39;49m[43mprint_figure[49m[43m([49m[43mfname[49m[43m,[49m[43m [49m[38;5;241;43m*[39;49m[38;5;241;43m*[39;49m[43mkwargs[49m[43m)[49m

File [0;32m~/miniconda3/lib/python3.11/site-packages/matplotlib/backend_bases.py:2187[0m, in [0;36mFigureCanvasBase.print_figure[0;34m(self, filename, dpi, facecolor, edgecolor, orientation, format, bbox_inches, pad_inches, bbox_extra_artists, backend, **kwargs)[0m
[1;32m   2183[0m [38;5;28;01mtry[39;00m:
[1;32m   2184[0m     [38;5;66;03m# _get_renderer may change the figure dpi (as vector formats[39;00m
[1;32m   2185[0m     [38;5;66;03m# force the figure dpi to 72), so we need to set it again here.[39;00m
[1;32m   2186[0m     [38;5;28;01mwith[39;00m cbook[38;5;241m.[39m_setattr_cm([38;5;28mself[39m[38;5;241m.[39mfigure, dpi[38;5;241m=[39mdpi):
[0;32m-> 2187[0m         result [38;5;241m=[39m [43mprint_method[49m[43m([49m
[1;32m   2188[0m [43m            [49m[43mfilename[49m[43m,[49m
[1;32m   2189[0m [43m            [49m[43mfacecolor[49m[38;5;241;43m=[39;49m[43mfacecolor[49m[43m,[49m
[1;32m   2190[0m [43m            [49m[43medgecolor[49m[38;5;241;43m=[39;49m[43medgecolor[49m[43m,[49m
[1;32m   2191[0m [43m            [49m[43morientation[49m[38;5;241;43m=[39;49m[43morientation[49m[43m,[49m
[1;32m   2192[0m [43m            [49m[43mbbox_inches_restore[49m[38;5;241;43m=[39;49m[43m_bbox_inches_restore[49m[43m,[49m
[1;32m   2193[0m [43m            [49m[38;5;241;43m*[39;49m[38;5;241;43m*[39;49m[43mkwargs[49m[43m)[49m
[1;32m   2194[0m [38;5;28;01mfinally[39;00m:
[1;32m   2195[0m     [38;5;28;01mif[39;00m bbox_inches [38;5;129;01mand[39;00m restore_bbox:

File [0;32m~/miniconda3/lib/python3.11/site-packages/matplotlib/backend_bases.py:2043[0m, in [0;36mFigureCanvasBase._switch_canvas_and_return_print_method.<locals>.<lambda>[0;34m(*args, **kwargs)[0m
[1;32m   2039[0m     optional_kws [38;5;241m=[39m {  [38;5;66;03m# Passed by print_figure for other renderers.[39;00m
[1;32m   2040[0m         [38;5;124m"[39m[38;5;124mdpi[39m[38;5;124m"[39m, [38;5;124m"[39m[38;5;124mfacecolor[39m[38;5;124m"[39m, [38;5;124m"[39m[38;5;124medgecolor[39m[38;5;124m"[39m, [38;5;124m"[39m[38;5;124morientation[39m[38;5;124m"[39m,
[1;32m   2041[0m         [38;5;124m"[39m[38;5;124mbbox_inches_restore[39m[38;5;124m"[39m}
[1;32m   2042[0m     skip [38;5;241m=[39m optional_kws [38;5;241m-[39m {[38;5;241m*[39minspect[38;5;241m.[39msignature(meth)[38;5;241m.[39mparameters}
[0;32m-> 2043[0m     print_method [38;5;241m=[39m functools[38;5;241m.[39mwraps(meth)([38;5;28;01mlambda[39;00m [38;5;241m*[39margs, [38;5;241m*[39m[38;5;241m*[39mkwargs: [43mmeth[49m[43m([49m
[1;32m   2044[0m [43m        [49m[38;5;241;43m*[39;49m[43margs[49m[43m,[49m[43m [49m[38;5;241;43m*[39;49m[38;5;241;43m*[39;49m[43m{[49m[43mk[49m[43m:[49m[43m [49m[43mv[49m[43m [49m[38;5;28;43;01mfor[39;49;00m[43m [49m[43mk[49m[43m,[49m[43m [49m[43mv[49m[43m [49m[38;5;129;43;01min[39;49;00m[43m [49m[43mkwargs[49m[38;5;241;43m.[39;49m[43mitems[49m[43m([49m[43m)[49m[43m [49m[38;5;28;43;01mif[39;49;00m[43m [49m[43mk[49m[43m [49m[38;5;129;43;01mnot[39;49;00m[43m [49m[38;5;129;43;01min[39;49;00m[43m [49m[43mskip[49m[43m}[49m[43m)[49m)
[1;32m   2045[0m [38;5;28;01melse[39;00m:  [38;5;66;03m# Let third-parties do as they see fit.[39;00m
[1;32m   2046[0m     print_method [38;5;241m=[39m meth

File [0;32m~/miniconda3/lib/python3.11/site-packages/matplotlib/backends/backend_agg.py:497[0m, in [0;36mFigureCanvasAgg.print_png[0;34m(self, filename_or_obj, metadata, pil_kwargs)[0m
[1;32m    450[0m [38;5;28;01mdef[39;00m [38;5;21mprint_png[39m([38;5;28mself[39m, filename_or_obj, [38;5;241m*[39m, metadata[38;5;241m=[39m[38;5;28;01mNone[39;00m, pil_kwargs[38;5;241m=[39m[38;5;28;01mNone[39;00m):
[1;32m    451[0m [38;5;250m    [39m[38;5;124;03m"""[39;00m
[1;32m    452[0m [38;5;124;03m    Write the figure to a PNG file.[39;00m
[1;32m    453[0m 
[0;32m   (...)[0m
[1;32m    495[0m [38;5;124;03m        *metadata*, including the default 'Software' key.[39;00m
[1;32m    496[0m [38;5;124;03m    """[39;00m
[0;32m--> 497[0m     [38;5;28;43mself[39;49m[38;5;241;43m.[39;49m[43m_print_pil[49m[43m([49m[43mfilename_or_obj[49m[43m,[49m[43m [49m[38;5;124;43m"[39;49m[38;5;124;43mpng[39;49m[38;5;124;43m"[39;49m[43m,[49m[43m [49m[43mpil_kwargs[49m[43m,[49m[43m [49m[43mmetadata[49m[43m)[49m

File [0;32m~/miniconda3/lib/python3.11/site-packages/matplotlib/backends/backend_agg.py:446[0m, in [0;36mFigureCanvasAgg._print_pil[0;34m(self, filename_or_obj, fmt, pil_kwargs, metadata)[0m
[1;32m    441[0m [38;5;250m[39m[38;5;124;03m"""[39;00m
[1;32m    442[0m [38;5;124;03mDraw the canvas, then save it using `.image.imsave` (to which[39;00m
[1;32m    443[0m [38;5;124;03m*pil_kwargs* and *metadata* are forwarded).[39;00m
[1;32m    444[0m [38;5;124;03m"""[39;00m
[1;32m    445[0m FigureCanvasAgg[38;5;241m.[39mdraw([38;5;28mself[39m)
[0;32m--> 446[0m [43mmpl[49m[38;5;241;43m.[39;49m[43mimage[49m[38;5;241;43m.[39;49m[43mimsave[49m[43m([49m
[1;32m    447[0m [43m    [49m[43mfilename_or_obj[49m[43m,[49m[43m [49m[38;5;28;43mself[39;49m[38;5;241;43m.[39;49m[43mbuffer_rgba[49m[43m([49m[43m)[49m[43m,[49m[43m [49m[38;5;28;43mformat[39;49m[38;5;241;43m=[39;49m[43mfmt[49m[43m,[49m[43m [49m[43morigin[49m[38;5;241;43m=[39;49m[38;5;124;43m"[39;49m[38;5;124;43mupper[39;49m[38;5;124;43m"[39;49m[43m,[49m
[1;32m    448[0m [43m    [49m[43mdpi[49m[38;5;241;43m=[39;49m[38;5;28;43mself[39;49m[38;5;241;43m.[39;49m[43mfigure[49m[38;5;241;43m.[39;49m[43mdpi[49m[43m,[49m[43m [49m[43mmetadata[49m[38;5;241;43m=[39;49m[43mmetadata[49m[43m,[49m[43m [49m[43mpil_kwargs[49m[38;5;241;43m=[39;49m[43mpil_kwargs[49m[43m)[49m

File [0;32m~/miniconda3/lib/python3.11/site-packages/matplotlib/image.py:1656[0m, in [0;36mimsave[0;34m(fname, arr, vmin, vmax, cmap, format, origin, dpi, metadata, pil_kwargs)[0m
[1;32m   1654[0m pil_kwargs[38;5;241m.[39msetdefault([38;5;124m"[39m[38;5;124mformat[39m[38;5;124m"[39m, [38;5;28mformat[39m)
[1;32m   1655[0m pil_kwargs[38;5;241m.[39msetdefault([38;5;124m"[39m[38;5;124mdpi[39m[38;5;124m"[39m, (dpi, dpi))
[0;32m-> 1656[0m [43mimage[49m[38;5;241;43m.[39;49m[43msave[49m[43m([49m[43mfname[49m[43m,[49m[43m [49m[38;5;241;43m*[39;49m[38;5;241;43m*[39;49m[43mpil_kwargs[49m[43m)[49m

File [0;32m~/miniconda3/lib/python3.11/site-packages/PIL/Image.py:2410[0m, in [0;36mImage.save[0;34m(self, fp, format, **params)[0m
[1;32m   2408[0m         fp [38;5;241m=[39m builtins[38;5;241m.[39mopen(filename, [38;5;124m"[39m[38;5;124mr+b[39m[38;5;124m"[39m)
[1;32m   2409[0m     [38;5;28;01melse[39;00m:
[0;32m-> 2410[0m         fp [38;5;241m=[39m builtins[38;5;241m.[39mopen(filename, [38;5;124m"[39m[38;5;124mw+b[39m[38;5;124m"[39m)
[1;32m   2412[0m [38;5;28;01mtry[39;00m:
[1;32m   2413[0m     save_handler([38;5;28mself[39m, fp, filename)

[0;31mFileNotFoundError[0m: [Errno 2] No such file or directory: 'img/handon-c4-test.png'

