\BOOKMARK [0][-]{chapter.1}{1.\040Thinking\040in\040another\040dimension}{}% 1
\BOOKMARK [0][-]{chapter.2}{2.\040Imagine\040about\040nothing}{}% 2
\BOOKMARK [0][-]{chapter.3}{3.\040How\040to\040imaginery\040something\040not\040possible\040to\040exist}{}% 3
\BOOKMARK [0][-]{chapter.4}{4.\040Imagine\040another\040imaginery\040number\040and\040split\040it\040out}{}% 4
\BOOKMARK [0][-]{chapter.5}{Appendix\040-\040may\040be\040needed\040for\040reference}{}% 5
\BOOKMARK [0][-]{chapter.6}{Welcome\040to\040your\040Jupyter\040Book}{}% 6
\BOOKMARK [0][-]{chapter.7}{Page\040title}{}% 7
\BOOKMARK [1][-]{section.7.1}{Section\0401\040\(will\040be\040listed\)}{chapter.7}% 8
\BOOKMARK [2][-]{subsection.7.1.1}{Sub-section\0401\040\(will\040be\040listed\)}{section.7.1}% 9
\BOOKMARK [1][-]{section.7.2}{Section\0402\040\(will\040be\040listed\)}{chapter.7}% 10
\BOOKMARK [0][-]{chapter.8}{Markdown\040Files}{}% 11
\BOOKMARK [1][-]{section.8.1}{What\040is\040MyST?}{chapter.8}% 12
\BOOKMARK [1][-]{section.8.2}{Sample\040Roles\040and\040Directives}{chapter.8}% 13
\BOOKMARK [1][-]{section.8.3}{Citations}{chapter.8}% 14
\BOOKMARK [1][-]{section.8.4}{Learn\040more}{chapter.8}% 15
\BOOKMARK [0][-]{chapter.9}{Content\040with\040notebooks}{}% 16
\BOOKMARK [1][-]{section.9.1}{Markdown\040+\040notebooks}{chapter.9}% 17
\BOOKMARK [1][-]{section.9.2}{MyST\040markdown}{chapter.9}% 18
\BOOKMARK [1][-]{section.9.3}{Code\040blocks\040and\040outputs}{chapter.9}% 19
\BOOKMARK [0][-]{chapter.10}{Notebooks\040with\040MyST\040Markdown}{}% 20
\BOOKMARK [1][-]{section.10.1}{An\040example\040cell}{chapter.10}% 21
\BOOKMARK [1][-]{section.10.2}{Create\040a\040notebook\040with\040MyST\040Markdown}{chapter.10}% 22
\BOOKMARK [1][-]{section.10.3}{Quickly\040add\040YAML\040metadata\040for\040MyST\040Notebooks}{chapter.10}% 23
\BOOKMARK [0][-]{chapter.11}{testing\040jupyter-book\040failed\040using\040fAe\040examples}{}% 24
\BOOKMARK [0][-]{chapter.12}{testing\040jupyter-book\040ok\040using\040ffm\040examples}{}% 25
\BOOKMARK [0][-]{chapter.13}{testing\040jupyter-book\040ok\040using\040fFy\040examples}{}% 26
\BOOKMARK [1][-]{section.13.1}{Fourier\040Transform}{chapter.13}% 27
\BOOKMARK [2][-]{subsection.13.1.1}{Definitions}{section.13.1}% 28
\BOOKMARK [3][-]{subsubsection*.6}{Fourier\040Transform}{subsection.13.1.1}% 29
\BOOKMARK [3][-]{subsubsection*.7}{Inverse\040Fourier\040Transform}{subsection.13.1.1}% 30
\BOOKMARK [2][-]{subsection.13.1.2}{Rectangle\040function}{section.13.1}% 31
\BOOKMARK [2][-]{subsection.13.1.3}{Example\040Fourier\040Transform\040of\040rect\040function}{section.13.1}% 32
\BOOKMARK [0][-]{chapter.14}{testing\040jupyter-book\040ok\040using\040fnn\040examples}{}% 33
\BOOKMARK [0][-]{chapter*.8}{Bibliography}{}% 34
